<?xml version="1.0" encoding="UTF-8"?>
<testsuite xmlns:xsi="http://www.w3.org/2001/XMLSchema-instance" xsi:noNamespaceSchemaLocation="https://maven.apache.org/surefire/maven-surefire-plugin/xsd/surefire-test-report.xsd" name="com.training.ecommerce.test.ProductServiceTest" time="5.585" tests="5" errors="1" skipped="0" failures="0">
  <properties>
[...]
</properties>
  <testcase name="testFindOneAndDelete" classname="com.training.ecommerce.test.ProductServiceTest" time="0.165">
    <error message="No value present" type="java.util.NoSuchElementException">java.util.NoSuchElementException: No value present
	at com.training.ecommerce.test.ProductServiceTest.testFindOneAndDelete(ProductServiceTest.java:57)
</error>
    <system-out><![CDATA[17:01:30.052 [main] DEBUG org.springframework.test.context.BootstrapUtils - Instantiating CacheAwareContextLoaderDelegate from class [org.springframework.test.context.cache.DefaultCacheAwareContextLoaderDelegate]
17:01:30.059 [main] DEBUG org.springframework.test.context.BootstrapUtils - Instantiating BootstrapContext using constructor [public org.springframework.test.context.support.DefaultBootstrapContext(java.lang.Class,org.springframework.test.context.CacheAwareContextLoaderDelegate)]
17:01:30.091 [main] DEBUG org.springframework.test.context.BootstrapUtils - Instantiating TestContextBootstrapper for test class [com.training.ecommerce.test.ProductServiceTest] from class [org.springframework.boot.test.context.SpringBootTestContextBootstrapper]
17:01:30.104 [main] INFO org.springframework.boot.test.context.SpringBootTestContextBootstrapper - Neither @ContextConfiguration nor @ContextHierarchy found for test class [com.training.ecommerce.test.ProductServiceTest], using SpringBootContextLoader
17:01:30.110 [main] DEBUG org.springframework.test.context.support.AbstractContextLoader - Did not detect default resource location for test class [com.training.ecommerce.test.ProductServiceTest]: class path resource [com/training/ecommerce/test/ProductServiceTest-context.xml] does not exist
17:01:30.110 [main] DEBUG org.springframework.test.context.support.AbstractContextLoader - Did not detect default resource location for test class [com.training.ecommerce.test.ProductServiceTest]: class path resource [com/training/ecommerce/test/ProductServiceTestContext.groovy] does not exist
17:01:30.110 [main] INFO org.springframework.test.context.support.AbstractContextLoader - Could not detect default resource locations for test class [com.training.ecommerce.test.ProductServiceTest]: no resource found for suffixes {-context.xml, Context.groovy}.
17:01:30.112 [main] INFO org.springframework.test.context.support.AnnotationConfigContextLoaderUtils - Could not detect default configuration classes for test class [com.training.ecommerce.test.ProductServiceTest]: ProductServiceTest does not declare any static, non-private, non-final, nested classes annotated with @Configuration.
17:01:30.158 [main] DEBUG org.springframework.test.context.support.ActiveProfilesUtils - Could not find an 'annotation declaring class' for annotation type [org.springframework.test.context.ActiveProfiles] and class [com.training.ecommerce.test.ProductServiceTest]
17:01:30.215 [main] DEBUG org.springframework.context.annotation.ClassPathScanningCandidateComponentProvider - Identified candidate component class: file [D:\Java Practice\springboot_product0701\target\classes\com\training\SpringbootProduct0701Application.class]
17:01:30.217 [main] INFO org.springframework.boot.test.context.SpringBootTestContextBootstrapper - Found @SpringBootConfiguration com.training.SpringbootProduct0701Application for test class com.training.ecommerce.test.ProductServiceTest
17:01:30.298 [main] DEBUG org.springframework.boot.test.context.SpringBootTestContextBootstrapper - @TestExecutionListeners is not present for class [com.training.ecommerce.test.ProductServiceTest]: using defaults.
17:01:30.298 [main] INFO org.springframework.boot.test.context.SpringBootTestContextBootstrapper - Loaded default TestExecutionListener class names from location [META-INF/spring.factories]: [org.springframework.boot.test.mock.mockito.MockitoTestExecutionListener, org.springframework.boot.test.mock.mockito.ResetMocksTestExecutionListener, org.springframework.boot.test.autoconfigure.restdocs.RestDocsTestExecutionListener, org.springframework.boot.test.autoconfigure.web.client.MockRestServiceServerResetTestExecutionListener, org.springframework.boot.test.autoconfigure.web.servlet.MockMvcPrintOnlyOnFailureTestExecutionListener, org.springframework.boot.test.autoconfigure.web.servlet.WebDriverTestExecutionListener, org.springframework.boot.test.autoconfigure.webservices.client.MockWebServiceServerTestExecutionListener, org.springframework.test.context.web.ServletTestExecutionListener, org.springframework.test.context.support.DirtiesContextBeforeModesTestExecutionListener, org.springframework.test.context.event.ApplicationEventsTestExecutionListener, org.springframework.test.context.support.DependencyInjectionTestExecutionListener, org.springframework.test.context.support.DirtiesContextTestExecutionListener, org.springframework.test.context.transaction.TransactionalTestExecutionListener, org.springframework.test.context.jdbc.SqlScriptsTestExecutionListener, org.springframework.test.context.event.EventPublishingTestExecutionListener]
17:01:30.315 [main] INFO org.springframework.boot.test.context.SpringBootTestContextBootstrapper - Using TestExecutionListeners: [org.springframework.test.context.web.ServletTestExecutionListener@6e6d5d29, org.springframework.test.context.support.DirtiesContextBeforeModesTestExecutionListener@5c530d1e, org.springframework.test.context.event.ApplicationEventsTestExecutionListener@6c25e6c4, org.springframework.boot.test.mock.mockito.MockitoTestExecutionListener@85e6769, org.springframework.boot.test.autoconfigure.SpringBootDependencyInjectionTestExecutionListener@c5ee75e, org.springframework.test.context.support.DirtiesContextTestExecutionListener@48a12036, org.springframework.test.context.transaction.TransactionalTestExecutionListener@bf1ec20, org.springframework.test.context.jdbc.SqlScriptsTestExecutionListener@70efb718, org.springframework.test.context.event.EventPublishingTestExecutionListener@b70da4c, org.springframework.boot.test.mock.mockito.ResetMocksTestExecutionListener@4a11eb84, org.springframework.boot.test.autoconfigure.restdocs.RestDocsTestExecutionListener@4e858e0a, org.springframework.boot.test.autoconfigure.web.client.MockRestServiceServerResetTestExecutionListener@435fb7b5, org.springframework.boot.test.autoconfigure.web.servlet.MockMvcPrintOnlyOnFailureTestExecutionListener@4e70a728, org.springframework.boot.test.autoconfigure.web.servlet.WebDriverTestExecutionListener@b7838a9, org.springframework.boot.test.autoconfigure.webservices.client.MockWebServiceServerTestExecutionListener@696f0212]
17:01:30.319 [main] DEBUG org.springframework.test.context.support.AbstractDirtiesContextTestExecutionListener - Before test class: context [DefaultTestContext@7096b474 testClass = ProductServiceTest, testInstance = [null], testMethod = [null], testException = [null], mergedContextConfiguration = [WebMergedContextConfiguration@3e14c16d testClass = ProductServiceTest, locations = '{}', classes = '{class com.training.SpringbootProduct0701Application}', contextInitializerClasses = '[]', activeProfiles = '{}', propertySourceLocations = '{}', propertySourceProperties = '{org.springframework.boot.test.context.SpringBootTestContextBootstrapper=true}', contextCustomizers = set[org.springframework.boot.test.context.filter.ExcludeFilterContextCustomizer@39b43d60, org.springframework.boot.test.json.DuplicateJsonObjectContextCustomizerFactory$DuplicateJsonObjectContextCustomizer@5e21e98f, org.springframework.boot.test.mock.mockito.MockitoContextCustomizer@0, org.springframework.boot.test.web.client.TestRestTemplateContextCustomizer@f627d13, org.springframework.boot.test.autoconfigure.actuate.metrics.MetricsExportContextCustomizerFactory$DisableMetricExportContextCustomizer@895e367, org.springframework.boot.test.autoconfigure.properties.PropertyMappingContextCustomizer@0, org.springframework.boot.test.autoconfigure.web.servlet.WebDriverContextCustomizerFactory$Customizer@62833051, org.springframework.boot.test.context.SpringBootTestArgs@1, org.springframework.boot.test.context.SpringBootTestWebEnvironment@7a69b07], resourceBasePath = 'src/main/webapp', contextLoader = 'org.springframework.boot.test.context.SpringBootContextLoader', parent = [null]], attributes = map['org.springframework.test.context.web.ServletTestExecutionListener.activateListener' -> true]], class annotated with @DirtiesContext [false] with mode [null].

  .   ____          _            __ _ _
 /\\ / ___'_ __ _ _(_)_ __  __ _ \ \ \ \
( ( )\___ | '_ | '_| | '_ \/ _` | \ \ \ \
 \\/  ___)| |_)| | | | | || (_| |  ) ) ) )
  '  |____| .__|_| |_|_| |_\__, | / / / /
 =========|_|==============|___/=/_/_/_/
 :: Spring Boot ::       (v2.7.8-SNAPSHOT)

2023-01-08 17:01:30.723  INFO 24380 --- [           main] c.t.ecommerce.test.ProductServiceTest    : Starting ProductServiceTest using Java 11.0.11 on IN-MH1LPW102737 with PID 24380 (started by Ashwink15403 in D:\Java Practice\springboot_product0701)
2023-01-08 17:01:30.725  INFO 24380 --- [           main] c.t.ecommerce.test.ProductServiceTest    : No active profile set, falling back to 1 default profile: "default"
2023-01-08 17:01:31.394  INFO 24380 --- [           main] .s.d.r.c.RepositoryConfigurationDelegate : Bootstrapping Spring Data JPA repositories in DEFAULT mode.
2023-01-08 17:01:31.446  INFO 24380 --- [           main] .s.d.r.c.RepositoryConfigurationDelegate : Finished Spring Data repository scanning in 43 ms. Found 1 JPA repository interfaces.
2023-01-08 17:01:31.953  INFO 24380 --- [           main] com.zaxxer.hikari.HikariDataSource       : HikariPool-1 - Starting...
2023-01-08 17:01:32.583  INFO 24380 --- [           main] com.zaxxer.hikari.HikariDataSource       : HikariPool-1 - Start completed.
2023-01-08 17:01:32.648  INFO 24380 --- [           main] o.hibernate.jpa.internal.util.LogHelper  : HHH000204: Processing PersistenceUnitInfo [name: default]
2023-01-08 17:01:32.694  INFO 24380 --- [           main] org.hibernate.Version                    : HHH000412: Hibernate ORM core version 5.6.14.Final
2023-01-08 17:01:32.889  INFO 24380 --- [           main] o.hibernate.annotations.common.Version   : HCANN000001: Hibernate Commons Annotations {5.1.2.Final}
2023-01-08 17:01:33.061  INFO 24380 --- [           main] org.hibernate.dialect.Dialect            : HHH000400: Using dialect: org.hibernate.dialect.PostgreSQL10Dialect
2023-01-08 17:01:33.833  INFO 24380 --- [           main] o.h.e.t.j.p.i.JtaPlatformInitiator       : HHH000490: Using JtaPlatform implementation: [org.hibernate.engine.transaction.jta.platform.internal.NoJtaPlatform]
2023-01-08 17:01:33.840  INFO 24380 --- [           main] j.LocalContainerEntityManagerFactoryBean : Initialized JPA EntityManagerFactory for persistence unit 'default'
2023-01-08 17:01:34.581  WARN 24380 --- [           main] JpaBaseConfiguration$JpaWebConfiguration : spring.jpa.open-in-view is enabled by default. Therefore, database queries may be performed during view rendering. Explicitly configure spring.jpa.open-in-view to disable this warning
2023-01-08 17:01:35.186  INFO 24380 --- [           main] c.t.ecommerce.test.ProductServiceTest    : Started ProductServiceTest in 4.823 seconds (JVM running for 6.114)
]]></system-out>
  </testcase>
  <testcase name="testFindOneNotNull" classname="com.training.ecommerce.test.ProductServiceTest" time="0.022"/>
  <testcase name="testFindOneAndUpdate" classname="com.training.ecommerce.test.ProductServiceTest" time="0.034"/>
  <testcase name="testFindAllNotNull" classname="com.training.ecommerce.test.ProductServiceTest" time="0.12"/>
  <testcase name="testCreateNew" classname="com.training.ecommerce.test.ProductServiceTest" time="0.021"/>
</testsuite>